[2024-02-22 18:37:42,626: INFO: main: Custom message]
[2024-02-22 18:43:13,891: INFO: main: custom message]
[2024-02-22 20:06:16,296: INFO: main: custom message number 2]
[2024-02-22 20:06:24,311: INFO: main: custom message number 2]
[2024-02-23 15:40:09,466: INFO: main: Deleting __pycache__ and .pyc files...]
[2024-02-23 15:40:09,492: INFO: main: >>>>>> stage Data Ingestion stage started <<<<<<]
[2024-02-23 15:40:09,494: INFO: common: yaml file: config\config.yaml loaded successfully]
[2024-02-23 15:40:09,494: INFO: common: yaml file: params.yaml loaded successfully]
[2024-02-23 15:40:09,495: INFO: common: created directory at: artifacts]
[2024-02-23 15:40:09,495: INFO: common: created directory at: artifacts/data_ingestion]
[2024-02-23 15:40:09,571: INFO: credentials: Found credentials in environment variables.]
[2024-02-23 15:40:09,724: INFO: data_ingestion: Downloading data from S3 bucket capstone-missile with key missile_data.zip into file artifacts/data_ingestion/missile_data.zip]
[2024-02-23 15:40:10,776: INFO: data_ingestion: Downloaded data from S3 bucket capstone-missile into file artifacts/data_ingestion/missile_data.zip]
[2024-02-23 15:40:10,856: INFO: data_ingestion: Extracted data to artifacts/data_ingestion]
[2024-02-23 15:40:10,856: INFO: main: >>>>>> stage Data Ingestion stage completed <<<<<<

x==========x]
[2024-02-24 13:57:10,912: INFO: 2191153582: Loaded YOLO model with pretrained weights from artifacts/model_artifacts/yolov8n.pt]
[2024-02-24 14:11:47,267: INFO: main: Deleting __pycache__ and .pyc files...]
[2024-02-24 14:11:47,312: INFO: main: >>>>>> stage Data Ingestion stage started <<<<<<]
[2024-02-24 14:11:47,315: INFO: common: yaml file: config\config.yaml loaded successfully]
[2024-02-24 14:11:47,317: INFO: common: yaml file: params.yaml loaded successfully]
[2024-02-24 14:11:47,318: INFO: common: created directory at: artifacts]
[2024-02-24 14:11:47,318: INFO: common: created directory at: artifacts/data_ingestion]
[2024-02-24 14:11:47,399: INFO: credentials: Found credentials in shared credentials file: ~/.aws/credentials]
[2024-02-24 14:11:47,946: INFO: data_ingestion: Downloading data from S3 bucket capstone-missile with key missile_data.zip into file artifacts/data_ingestion/missile_data.zip]
[2024-02-24 14:11:49,191: INFO: data_ingestion: Downloaded data from S3 bucket capstone-missile into file artifacts/data_ingestion/missile_data.zip]
[2024-02-24 14:11:49,254: INFO: data_ingestion: Extracted data to artifacts/data_ingestion]
[2024-02-24 14:11:49,254: INFO: main: >>>>>> stage Data Ingestion stage completed <<<<<<

x==========x]
[2024-02-24 14:12:00,394: INFO: common: yaml file: config\config.yaml loaded successfully]
[2024-02-24 14:12:00,396: INFO: common: yaml file: params.yaml loaded successfully]
[2024-02-24 15:16:42,639: INFO: common: yaml file: config\config.yaml loaded successfully]
[2024-02-24 15:16:42,641: INFO: common: yaml file: params.yaml loaded successfully]
[2024-02-24 15:16:42,643: INFO: common: created directory at: artifacts]
[2024-02-24 15:16:42,645: INFO: common: created directory at: artifacts/model_artifacts]
[2024-02-24 15:16:43,500: ERROR: 2286897284: Failed to load model: [Errno 2] No such file or directory: 'artifacts\\model_artifacts\\yolov8n_weights.pt']
[2024-02-24 15:22:40,196: INFO: common: yaml file: config\config.yaml loaded successfully]
[2024-02-24 15:22:40,199: INFO: common: yaml file: params.yaml loaded successfully]
[2024-02-24 15:22:40,200: INFO: common: created directory at: artifacts]
[2024-02-24 15:22:40,201: INFO: common: created directory at: artifacts/model_artifacts]
[2024-02-24 15:22:40,960: ERROR: 2286897284: Failed to load model: [Errno 2] No such file or directory: 'artifacts\\model_artifacts\\yolov8n_weights.pt']
[2024-02-24 15:27:10,544: INFO: common: yaml file: config\config.yaml loaded successfully]
[2024-02-24 15:27:10,546: INFO: common: yaml file: params.yaml loaded successfully]
[2024-02-24 15:27:10,548: INFO: common: created directory at: artifacts]
[2024-02-24 15:27:10,550: INFO: common: created directory at: artifacts/model_artifacts]
[2024-02-24 15:27:11,720: ERROR: 2286897284: Failed to load model: [Errno 2] No such file or directory: 'artifacts\\model_artifacts\\yolov8n_weights.pt']
[2024-02-24 15:59:30,478: INFO: common: yaml file: config\config.yaml loaded successfully]
[2024-02-24 15:59:30,482: INFO: common: yaml file: params.yaml loaded successfully]
[2024-02-24 15:59:30,485: INFO: common: created directory at: artifacts]
[2024-02-24 15:59:30,487: INFO: common: created directory at: artifacts/model_artifacts]
[2024-02-24 16:00:31,100: INFO: common: yaml file: config\config.yaml loaded successfully]
[2024-02-24 16:00:31,102: INFO: common: yaml file: params.yaml loaded successfully]
[2024-02-24 16:00:31,103: INFO: common: created directory at: artifacts]
[2024-02-24 16:00:31,104: INFO: common: created directory at: artifacts/model_artifacts]
[2024-02-24 16:17:21,459: INFO: common: yaml file: config\config.yaml loaded successfully]
[2024-02-24 16:17:21,462: INFO: common: yaml file: params.yaml loaded successfully]
[2024-02-24 16:17:21,463: INFO: common: created directory at: artifacts]
[2024-02-24 16:17:21,465: INFO: common: created directory at: artifacts/data_ingestion]
[2024-02-24 16:17:21,490: INFO: credentials: Found credentials in shared credentials file: ~/.aws/credentials]
[2024-02-24 16:17:21,841: INFO: 3113854588: Downloading data from S3 bucket capstone-missile with key missile_data.zip into file artifacts/data_ingestion/missile_data.zip]
[2024-02-24 16:17:22,955: INFO: 3113854588: Downloaded data from S3 bucket capstone-missile into file artifacts/data_ingestion/missile_data.zip]
[2024-02-24 16:17:23,050: INFO: 3113854588: Extracted data to artifacts/data_ingestion]
[2024-02-24 19:55:37,381: INFO: common: yaml file: config\config.yaml loaded successfully]
[2024-02-24 19:55:37,383: INFO: common: yaml file: params.yaml loaded successfully]
[2024-02-24 19:55:37,384: INFO: common: created directory at: artifacts]
[2024-02-24 19:55:37,388: INFO: common: created directory at: artifacts/model_artifacts]
[2024-02-24 19:58:44,272: INFO: common: yaml file: config\config.yaml loaded successfully]
[2024-02-24 19:58:44,274: INFO: common: yaml file: params.yaml loaded successfully]
[2024-02-24 19:58:44,276: INFO: common: created directory at: artifacts]
[2024-02-24 19:58:44,277: INFO: common: created directory at: artifacts/model_artifacts]
[2024-02-24 20:00:53,607: INFO: common: yaml file: config\config.yaml loaded successfully]
[2024-02-24 20:00:53,609: INFO: common: yaml file: params.yaml loaded successfully]
[2024-02-24 20:00:53,611: INFO: common: created directory at: artifacts]
[2024-02-24 20:00:53,612: INFO: common: created directory at: artifacts/model_artifacts]
[2024-02-24 20:01:42,232: INFO: common: yaml file: config\config.yaml loaded successfully]
[2024-02-24 20:01:42,234: INFO: common: yaml file: params.yaml loaded successfully]
[2024-02-24 20:01:42,236: INFO: common: created directory at: artifacts]
[2024-02-24 20:01:42,237: INFO: common: created directory at: artifacts/model_artifacts]
[2024-02-24 20:02:02,202: INFO: common: yaml file: config\config.yaml loaded successfully]
[2024-02-24 20:02:02,206: INFO: common: yaml file: params.yaml loaded successfully]
[2024-02-24 20:02:02,208: INFO: common: created directory at: artifacts]
[2024-02-24 20:02:02,209: INFO: common: created directory at: artifacts/model_artifacts]
[2024-02-24 20:11:09,254: INFO: common: yaml file: config\config.yaml loaded successfully]
[2024-02-24 20:11:09,258: INFO: common: yaml file: params.yaml loaded successfully]
[2024-02-24 20:11:09,260: INFO: common: created directory at: artifacts]
[2024-02-24 20:11:09,262: INFO: common: created directory at: artifacts/model_artifacts]
[2024-02-24 21:02:16,084: INFO: common: yaml file: config\config.yaml loaded successfully]
[2024-02-24 21:02:16,086: INFO: common: yaml file: params.yaml loaded successfully]
[2024-02-24 21:02:16,088: INFO: common: created directory at: artifacts]
[2024-02-24 21:02:16,090: INFO: common: created directory at: artifacts/model_artifacts]
[2024-02-24 21:08:40,952: INFO: common: yaml file: config\config.yaml loaded successfully]
[2024-02-24 21:08:40,954: INFO: common: yaml file: params.yaml loaded successfully]
[2024-02-24 21:08:40,956: INFO: common: created directory at: artifacts]
[2024-02-24 21:10:25,430: INFO: common: yaml file: config\config.yaml loaded successfully]
[2024-02-24 21:10:25,433: INFO: common: yaml file: params.yaml loaded successfully]
[2024-02-24 21:10:25,434: INFO: common: created directory at: artifacts]
[2024-02-24 21:10:25,436: INFO: common: created directory at: artifacts/model_artifacts]
[2024-02-24 21:12:07,180: INFO: common: yaml file: config\config.yaml loaded successfully]
[2024-02-24 21:12:07,183: INFO: common: yaml file: params.yaml loaded successfully]
[2024-02-24 21:12:07,185: INFO: common: created directory at: artifacts]
[2024-02-24 21:12:07,187: INFO: common: created directory at: artifacts/model_artifacts]
[2024-02-24 21:13:53,398: INFO: common: yaml file: config\config.yaml loaded successfully]
[2024-02-24 21:13:53,400: INFO: common: yaml file: params.yaml loaded successfully]
[2024-02-24 21:13:53,401: INFO: common: created directory at: artifacts]
[2024-02-24 21:13:53,404: INFO: common: created directory at: artifacts/model_artifacts]
[2024-02-24 21:15:27,516: INFO: common: yaml file: config\config.yaml loaded successfully]
[2024-02-24 21:15:27,518: INFO: common: yaml file: params.yaml loaded successfully]
[2024-02-24 21:15:27,521: INFO: common: created directory at: artifacts]
[2024-02-24 21:15:27,523: INFO: common: created directory at: artifacts/model_artifacts]
[2024-02-24 21:16:30,481: INFO: common: yaml file: config\config.yaml loaded successfully]
[2024-02-24 21:16:30,482: INFO: common: yaml file: params.yaml loaded successfully]
[2024-02-24 21:16:30,484: INFO: common: created directory at: artifacts]
[2024-02-24 21:16:30,487: INFO: common: created directory at: artifacts/model_artifacts]
[2024-02-24 21:18:07,571: INFO: common: yaml file: config\config.yaml loaded successfully]
[2024-02-24 21:18:07,573: INFO: common: yaml file: params.yaml loaded successfully]
[2024-02-24 21:18:07,575: INFO: common: created directory at: artifacts]
[2024-02-24 21:18:07,576: INFO: common: created directory at: artifacts/model_artifacts]
[2024-02-24 21:25:07,954: INFO: common: yaml file: config\config.yaml loaded successfully]
[2024-02-24 21:25:07,957: INFO: common: yaml file: params.yaml loaded successfully]
[2024-02-24 21:25:07,959: INFO: common: created directory at: artifacts]
[2024-02-24 21:25:07,960: INFO: common: created directory at: artifacts/model_artifacts]
[2024-02-24 21:29:45,076: INFO: common: yaml file: config\config.yaml loaded successfully]
[2024-02-24 21:29:45,078: INFO: common: yaml file: params.yaml loaded successfully]
[2024-02-24 21:29:45,080: INFO: common: created directory at: artifacts]
[2024-02-24 21:29:45,081: INFO: common: created directory at: artifacts/model_artifacts]
[2024-02-24 21:31:04,988: INFO: common: yaml file: config\config.yaml loaded successfully]
[2024-02-24 21:31:04,990: INFO: common: yaml file: params.yaml loaded successfully]
[2024-02-24 21:31:04,991: INFO: common: created directory at: artifacts]
[2024-02-24 21:31:04,993: INFO: common: created directory at: artifacts/model_artifacts]
[2024-02-24 21:32:39,733: INFO: common: yaml file: config\config.yaml loaded successfully]
[2024-02-24 21:32:39,735: INFO: common: yaml file: params.yaml loaded successfully]
[2024-02-24 21:32:39,736: INFO: common: created directory at: artifacts]
[2024-02-24 21:32:39,739: INFO: common: created directory at: artifacts/model_artifacts]
[2024-02-24 21:35:42,576: INFO: common: yaml file: config\config.yaml loaded successfully]
[2024-02-24 21:35:42,578: INFO: common: yaml file: params.yaml loaded successfully]
[2024-02-24 21:35:42,580: INFO: common: created directory at: artifacts]
[2024-02-24 21:35:42,582: INFO: common: created directory at: artifacts/model_artifacts]
[2024-02-24 21:36:11,688: INFO: common: yaml file: config\config.yaml loaded successfully]
[2024-02-24 21:36:11,690: INFO: common: yaml file: params.yaml loaded successfully]
[2024-02-24 21:36:11,691: INFO: common: created directory at: artifacts]
[2024-02-24 21:36:11,693: INFO: common: created directory at: artifacts/model_artifacts]
[2024-02-24 21:43:22,083: INFO: common: yaml file: config\config.yaml loaded successfully]
[2024-02-24 21:43:22,085: INFO: common: yaml file: params.yaml loaded successfully]
[2024-02-24 21:43:22,087: INFO: common: created directory at: artifacts]
[2024-02-24 21:43:22,087: INFO: common: created directory at: artifacts/model_artifacts]
[2024-02-24 21:43:48,384: INFO: common: yaml file: config\config.yaml loaded successfully]
[2024-02-24 21:43:48,386: INFO: common: yaml file: params.yaml loaded successfully]
[2024-02-24 21:43:48,388: INFO: common: created directory at: artifacts]
[2024-02-24 21:43:48,390: INFO: common: created directory at: artifacts/model_artifacts]
[2024-02-24 21:43:55,044: INFO: common: yaml file: config\config.yaml loaded successfully]
[2024-02-24 21:43:55,047: INFO: common: yaml file: params.yaml loaded successfully]
[2024-02-24 21:43:55,048: INFO: common: created directory at: artifacts]
[2024-02-24 21:43:55,050: INFO: common: created directory at: artifacts/model_artifacts]
[2024-02-24 21:44:21,955: INFO: common: yaml file: config\config.yaml loaded successfully]
[2024-02-24 21:44:21,958: INFO: common: yaml file: params.yaml loaded successfully]
[2024-02-24 21:44:21,960: INFO: common: created directory at: artifacts]
[2024-02-24 21:44:21,961: INFO: common: created directory at: artifacts/model_artifacts]
[2024-02-24 21:52:18,918: INFO: common: yaml file: config\config.yaml loaded successfully]
[2024-02-24 21:52:18,920: INFO: common: yaml file: params.yaml loaded successfully]
[2024-02-24 21:52:18,921: INFO: common: created directory at: artifacts]
[2024-02-24 21:52:18,923: INFO: common: created directory at: artifacts/model_artifacts]
[2024-02-24 22:29:08,539: INFO: main: Deleting __pycache__ and .pyc files...]
[2024-02-24 22:29:08,578: INFO: main: >>>>>> stage Data Ingestion Stage started <<<<<<]
[2024-02-24 22:29:08,579: INFO: common: yaml file: config\config.yaml loaded successfully]
[2024-02-24 22:29:08,580: INFO: common: yaml file: params.yaml loaded successfully]
[2024-02-24 22:29:08,581: INFO: common: created directory at: artifacts]
[2024-02-24 22:29:08,581: INFO: common: created directory at: artifacts/data_ingestion]
[2024-02-24 22:29:08,597: INFO: credentials: Found credentials in shared credentials file: ~/.aws/credentials]
[2024-02-24 22:29:08,890: INFO: data_ingestion: Downloading data from S3 bucket capstone-missile with key missile_data.zip into file artifacts/data_ingestion/missile_data.zip]
[2024-02-24 22:29:10,621: INFO: data_ingestion: Downloaded data from S3 bucket capstone-missile into file artifacts/data_ingestion/missile_data.zip]
[2024-02-24 22:29:10,686: INFO: data_ingestion: Extracted data to artifacts/data_ingestion]
[2024-02-24 22:29:10,686: INFO: main: >>>>>> stage Data Ingestion Stage completed <<<<<<

x==========x]
[2024-02-24 22:29:10,686: INFO: main: >>>>>> stage Model Preparation Stage started <<<<<<]
[2024-02-24 22:29:10,687: INFO: common: yaml file: config\config.yaml loaded successfully]
[2024-02-24 22:29:10,688: INFO: common: yaml file: params.yaml loaded successfully]
[2024-02-24 22:29:10,688: INFO: common: created directory at: artifacts]
[2024-02-24 22:29:10,689: INFO: common: created directory at: artifacts/model_artifacts]
[2024-02-24 22:29:10,689: INFO: stage_02_prepare_model: Loading model...]
[2024-02-24 22:29:10,725: INFO: stage_02_prepare_model: Attempting to save model...]
[2024-02-24 22:29:10,726: INFO: stage_02_prepare_model: Model preparation and saving completed successfully.]
[2024-02-24 22:29:10,727: INFO: main: >>>>>> stage Model Preparation Stage completed <<<<<<

x==========x]
[2024-02-24 22:30:27,226: INFO: main: Deleting __pycache__ and .pyc files...]
[2024-02-24 22:30:27,242: INFO: main: >>>>>> stage Data Ingestion Stage started <<<<<<]
[2024-02-24 22:30:27,243: INFO: common: yaml file: config\config.yaml loaded successfully]
[2024-02-24 22:30:27,244: INFO: common: yaml file: params.yaml loaded successfully]
[2024-02-24 22:30:27,244: INFO: common: created directory at: artifacts]
[2024-02-24 22:30:27,245: INFO: common: created directory at: artifacts/data_ingestion]
[2024-02-24 22:30:27,259: INFO: credentials: Found credentials in shared credentials file: ~/.aws/credentials]
[2024-02-24 22:30:27,410: INFO: data_ingestion: Downloading data from S3 bucket capstone-missile with key missile_data.zip into file artifacts/data_ingestion/missile_data.zip]
[2024-02-24 22:30:28,772: INFO: data_ingestion: Downloaded data from S3 bucket capstone-missile into file artifacts/data_ingestion/missile_data.zip]
[2024-02-24 22:30:28,853: INFO: data_ingestion: Extracted data to artifacts/data_ingestion]
[2024-02-24 22:30:28,854: INFO: main: ******************************* stage Data Ingestion Stage completed *************************************************

x==========x]
[2024-02-24 22:30:28,854: INFO: main: >>>>>> stage Model Preparation Stage started <<<<<<]
[2024-02-24 22:30:28,855: INFO: common: yaml file: config\config.yaml loaded successfully]
[2024-02-24 22:30:28,856: INFO: common: yaml file: params.yaml loaded successfully]
[2024-02-24 22:30:28,856: INFO: common: created directory at: artifacts]
[2024-02-24 22:30:28,857: INFO: common: created directory at: artifacts/model_artifacts]
[2024-02-24 22:30:28,857: INFO: stage_02_prepare_model: Loading model...]
[2024-02-24 22:30:28,909: INFO: stage_02_prepare_model: Attempting to save model...]
[2024-02-24 22:30:28,910: INFO: stage_02_prepare_model: Model preparation and saving completed successfully.]
[2024-02-24 22:30:28,912: INFO: main: ******************************* stage Model Preparation Stage completed *************************************************

x==========x]
[2024-02-24 22:34:50,577: INFO: main: Starting pipeline execution...]
[2024-02-24 22:34:50,578: INFO: main: Deleting __pycache__ and .pyc files...]
[2024-02-24 22:34:50,595: INFO: main: Cleanup complete: __pycache__ directories and .pyc files removed.]
[2024-02-24 22:34:50,595: INFO: main: 
==================== Stage: Data Ingestion Stage Started ====================
]
[2024-02-24 22:34:50,596: INFO: common: yaml file: config\config.yaml loaded successfully]
[2024-02-24 22:34:50,597: INFO: common: yaml file: params.yaml loaded successfully]
[2024-02-24 22:34:50,597: INFO: common: created directory at: artifacts]
[2024-02-24 22:34:50,598: INFO: common: created directory at: artifacts/data_ingestion]
[2024-02-24 22:34:50,614: INFO: credentials: Found credentials in shared credentials file: ~/.aws/credentials]
[2024-02-24 22:34:50,755: INFO: data_ingestion: Downloading data from S3 bucket capstone-missile with key missile_data.zip into file artifacts/data_ingestion/missile_data.zip]
[2024-02-24 22:34:52,481: INFO: data_ingestion: Downloaded data from S3 bucket capstone-missile into file artifacts/data_ingestion/missile_data.zip]
[2024-02-24 22:34:52,560: INFO: data_ingestion: Extracted data to artifacts/data_ingestion]
[2024-02-24 22:34:52,561: INFO: main: 
******************** Stage: Data Ingestion Stage Completed ********************

xxxxxxxxxxxxxxxxxxxxxxxxxxxxxxxxxxxxxxxxxxxxxxxxxx
]
[2024-02-24 22:34:52,561: INFO: main: 
==================== Stage: Model Preparation Stage Started ====================
]
[2024-02-24 22:34:52,562: INFO: common: yaml file: config\config.yaml loaded successfully]
[2024-02-24 22:34:52,563: INFO: common: yaml file: params.yaml loaded successfully]
[2024-02-24 22:34:52,564: INFO: common: created directory at: artifacts]
[2024-02-24 22:34:52,564: INFO: common: created directory at: artifacts/model_artifacts]
[2024-02-24 22:34:52,565: INFO: stage_02_prepare_model: Loading model...]
[2024-02-24 22:34:52,604: INFO: stage_02_prepare_model: Attempting to save model...]
[2024-02-24 22:34:52,605: INFO: stage_02_prepare_model: Model preparation and saving completed successfully.]
[2024-02-24 22:34:52,606: INFO: main: 
******************** Stage: Model Preparation Stage Completed ********************

xxxxxxxxxxxxxxxxxxxxxxxxxxxxxxxxxxxxxxxxxxxxxxxxxx
]
[2024-02-24 22:34:52,606: INFO: main: Pipeline execution completed successfully.]
[2024-02-24 22:35:53,564: INFO: main: Starting pipeline execution...]
[2024-02-24 22:35:53,565: INFO: main: Deleting __pycache__ and .pyc files...]
[2024-02-24 22:35:53,583: INFO: main: Cleanup complete: __pycache__ directories and .pyc files removed.]
[2024-02-24 22:35:53,583: INFO: main: 
==================== Stage: Data Ingestion Stage Started ====================
]
[2024-02-24 22:35:53,585: INFO: common: yaml file: config\config.yaml loaded successfully]
[2024-02-24 22:35:53,586: INFO: common: yaml file: params.yaml loaded successfully]
[2024-02-24 22:35:53,586: INFO: common: created directory at: artifacts]
[2024-02-24 22:35:53,586: INFO: common: created directory at: artifacts/data_ingestion]
[2024-02-24 22:35:53,600: INFO: credentials: Found credentials in shared credentials file: ~/.aws/credentials]
[2024-02-24 22:35:53,759: INFO: data_ingestion: Downloading data from S3 bucket capstone-missile with key missile_data.zip into file artifacts/data_ingestion/missile_data.zip]
[2024-02-24 22:35:55,060: INFO: data_ingestion: Downloaded data from S3 bucket capstone-missile into file artifacts/data_ingestion/missile_data.zip]
[2024-02-24 22:35:55,128: INFO: data_ingestion: Extracted data to artifacts/data_ingestion]
[2024-02-24 22:35:55,129: INFO: main: 
******************** Stage: Data Ingestion Stage Completed ********************

xxxxxxxxxxxxxxxxxxxxxxxxxxxxxxxxxxxxxxxxxxxxxxxxxx
]
[2024-02-24 22:35:55,129: INFO: main: 
==================== Stage: Model Preparation Stage Started ====================
]
[2024-02-24 22:35:55,131: INFO: common: yaml file: config\config.yaml loaded successfully]
[2024-02-24 22:35:55,131: INFO: common: yaml file: params.yaml loaded successfully]
[2024-02-24 22:35:55,131: INFO: common: created directory at: artifacts]
[2024-02-24 22:35:55,133: INFO: common: created directory at: artifacts/model_artifacts]
[2024-02-24 22:35:55,133: INFO: stage_02_prepare_model: Loading model...]
[2024-02-24 22:35:55,199: INFO: stage_02_prepare_model: Attempting to save model...]
[2024-02-24 22:35:55,200: INFO: stage_02_prepare_model: Model preparation and saving completed successfully.]
[2024-02-24 22:35:55,202: INFO: main: 
******************** Stage: Model Preparation Stage Completed ********************

xxxxxxxxxxxxxxxxxxxxxxxxxxxxxxxxxxxxxxxxxxxxxxxxxx
]
[2024-02-24 22:35:55,202: INFO: main: Pipeline execution completed successfully.]
[2024-02-25 11:21:22,540: INFO: main: Starting pipeline execution...]
[2024-02-25 11:21:22,541: INFO: main: Deleting __pycache__ and .pyc files...]
[2024-02-25 11:21:22,602: INFO: main: Cleanup complete: __pycache__ directories and .pyc files removed.]
[2024-02-25 11:21:22,602: INFO: main: 
==================== Stage: Data Ingestion Stage Started ====================
]
[2024-02-25 11:21:22,611: INFO: common: yaml file: config\config.yaml loaded successfully]
[2024-02-25 11:21:22,617: INFO: common: yaml file: params.yaml loaded successfully]
[2024-02-25 11:21:22,618: INFO: common: created directory at: artifacts]
[2024-02-25 11:21:22,619: INFO: common: created directory at: artifacts/data_ingestion]
[2024-02-25 11:21:22,654: INFO: credentials: Found credentials in shared credentials file: ~/.aws/credentials]
[2024-02-25 11:21:23,153: INFO: data_ingestion: Downloading data from S3 bucket capstone-missile with key missile_data.zip into file artifacts/data_ingestion/missile_data.zip]
[2024-02-25 11:21:24,646: INFO: data_ingestion: Downloaded data from S3 bucket capstone-missile into file artifacts/data_ingestion/missile_data.zip]
[2024-02-25 11:21:24,759: INFO: data_ingestion: Extracted data to artifacts/data_ingestion]
[2024-02-25 11:21:24,760: INFO: main: 
******************** Stage: Data Ingestion Stage Completed ********************

xxxxxxxxxxxxxxxxxxxxxxxxxxxxxxxxxxxxxxxxxxxxxxxxxx
]
[2024-02-25 11:21:24,760: INFO: main: 
==================== Stage: Model Preparation Stage Started ====================
]
[2024-02-25 11:21:24,762: INFO: common: yaml file: config\config.yaml loaded successfully]
[2024-02-25 11:21:24,763: INFO: common: yaml file: params.yaml loaded successfully]
[2024-02-25 11:21:24,763: INFO: common: created directory at: artifacts]
[2024-02-25 11:21:24,764: INFO: common: created directory at: artifacts/model_artifacts]
[2024-02-25 11:21:24,765: INFO: stage_02_prepare_model: Loading model...]
[2024-02-25 11:21:24,916: INFO: stage_02_prepare_model: Attempting to save model...]
[2024-02-25 11:21:24,992: INFO: stage_02_prepare_model: Model preparation and saving completed successfully.]
[2024-02-25 11:21:24,994: INFO: main: 
******************** Stage: Model Preparation Stage Completed ********************

xxxxxxxxxxxxxxxxxxxxxxxxxxxxxxxxxxxxxxxxxxxxxxxxxx
]
[2024-02-25 11:21:24,995: INFO: main: Pipeline execution completed successfully.]
[2024-02-25 11:31:27,932: INFO: common: yaml file: config\config.yaml loaded successfully]
[2024-02-25 11:31:27,942: INFO: common: yaml file: params.yaml loaded successfully]
[2024-02-25 11:31:27,944: INFO: common: created directory at: artifacts]
[2024-02-25 11:31:27,947: INFO: common: created directory at: artifacts/model_artifacts]
[2024-02-25 11:36:04,641: INFO: common: yaml file: config\config.yaml loaded successfully]
[2024-02-25 11:36:04,643: INFO: common: yaml file: params.yaml loaded successfully]
[2024-02-25 11:36:04,644: INFO: common: created directory at: artifacts]
[2024-02-25 11:36:04,647: INFO: common: created directory at: artifacts/model_artifacts]
[2024-02-25 11:42:45,356: INFO: common: yaml file: config\config.yaml loaded successfully]
[2024-02-25 11:42:45,359: INFO: common: yaml file: params.yaml loaded successfully]
[2024-02-25 11:42:45,361: INFO: common: created directory at: artifacts]
[2024-02-25 11:42:45,362: INFO: common: created directory at: artifacts/model_artifacts]
[2024-02-25 11:43:54,252: INFO: common: yaml file: config\config.yaml loaded successfully]
[2024-02-25 11:43:54,254: INFO: common: yaml file: params.yaml loaded successfully]
[2024-02-25 11:43:54,256: INFO: common: created directory at: artifacts]
[2024-02-25 11:43:54,258: INFO: common: created directory at: artifacts/model_artifacts]
[2024-02-25 11:48:33,780: INFO: common: yaml file: config\config.yaml loaded successfully]
[2024-02-25 11:48:33,788: INFO: common: yaml file: params.yaml loaded successfully]
[2024-02-25 11:48:33,789: INFO: common: created directory at: artifacts]
[2024-02-25 11:48:33,791: INFO: common: created directory at: artifacts/model_artifacts]
[2024-02-25 11:50:25,071: INFO: common: yaml file: config\config.yaml loaded successfully]
[2024-02-25 11:50:25,073: INFO: common: yaml file: params.yaml loaded successfully]
[2024-02-25 11:50:25,074: INFO: common: created directory at: artifacts]
[2024-02-25 11:50:25,075: INFO: common: created directory at: artifacts]
[2024-02-25 11:55:17,096: INFO: common: yaml file: config\config.yaml loaded successfully]
[2024-02-25 11:55:17,098: INFO: common: yaml file: params.yaml loaded successfully]
[2024-02-25 11:55:17,100: INFO: common: created directory at: artifacts]
[2024-02-25 11:55:17,102: INFO: common: created directory at: artifacts]
[2024-02-25 11:56:11,779: INFO: common: yaml file: config\config.yaml loaded successfully]
[2024-02-25 11:56:11,781: INFO: common: yaml file: params.yaml loaded successfully]
[2024-02-25 11:56:11,782: INFO: common: created directory at: artifacts]
[2024-02-25 11:56:11,785: INFO: common: created directory at: artifacts]
[2024-02-25 11:59:28,419: INFO: common: yaml file: config\config.yaml loaded successfully]
[2024-02-25 11:59:28,422: INFO: common: yaml file: params.yaml loaded successfully]
[2024-02-25 11:59:28,423: INFO: common: created directory at: artifacts]
[2024-02-25 11:59:28,425: INFO: common: created directory at: artifacts]
[2024-02-25 12:06:58,865: INFO: common: yaml file: config\config.yaml loaded successfully]
[2024-02-25 12:06:58,868: INFO: common: yaml file: params.yaml loaded successfully]
[2024-02-25 12:06:58,869: INFO: common: created directory at: artifacts]
[2024-02-25 12:06:58,871: INFO: common: created directory at: artifacts]
[2024-02-25 12:09:48,766: INFO: common: yaml file: config\config.yaml loaded successfully]
[2024-02-25 12:09:48,768: INFO: common: yaml file: params.yaml loaded successfully]
[2024-02-25 12:09:48,769: INFO: common: created directory at: artifacts]
[2024-02-25 12:09:48,770: INFO: common: created directory at: artifacts]
[2024-02-25 12:11:15,825: INFO: common: yaml file: config\config.yaml loaded successfully]
[2024-02-25 12:11:15,829: INFO: common: yaml file: params.yaml loaded successfully]
[2024-02-25 12:11:15,829: INFO: common: created directory at: artifacts]
[2024-02-25 12:11:15,831: INFO: common: created directory at: artifacts]
[2024-02-25 13:31:10,385: INFO: main: Starting pipeline execution...]
[2024-02-25 13:31:10,385: INFO: main: Deleting __pycache__ and .pyc files...]
[2024-02-25 13:31:10,414: INFO: main: Cleanup complete: __pycache__ directories and .pyc files removed.]
[2024-02-25 13:31:10,415: INFO: main: 
==================== Stage: Data Ingestion Stage Started ====================
]
[2024-02-25 13:31:10,417: INFO: common: yaml file: config\config.yaml loaded successfully]
[2024-02-25 13:31:10,417: INFO: common: yaml file: params.yaml loaded successfully]
[2024-02-25 13:31:10,418: INFO: common: created directory at: artifacts]
[2024-02-25 13:31:10,418: INFO: common: created directory at: artifacts/data_ingestion]
[2024-02-25 13:31:10,444: INFO: credentials: Found credentials in shared credentials file: ~/.aws/credentials]
[2024-02-25 13:31:10,662: INFO: data_ingestion: Downloading data from S3 bucket capstone-missile with key missile_data.zip into file artifacts/data_ingestion/missile_data.zip]
[2024-02-25 13:31:12,107: INFO: data_ingestion: Downloaded data from S3 bucket capstone-missile into file artifacts/data_ingestion/missile_data.zip]
[2024-02-25 13:31:12,202: INFO: data_ingestion: Extracted data to artifacts/data_ingestion]
[2024-02-25 13:31:12,202: INFO: main: 
******************** Stage: Data Ingestion Stage Completed ********************

xxxxxxxxxxxxxxxxxxxxxxxxxxxxxxxxxxxxxxxxxxxxxxxxxx
]
[2024-02-25 13:31:12,203: INFO: main: 
==================== Stage: Model Preparation Stage Started ====================
]
[2024-02-25 13:31:12,205: INFO: common: yaml file: config\config.yaml loaded successfully]
[2024-02-25 13:31:12,206: INFO: common: yaml file: params.yaml loaded successfully]
[2024-02-25 13:31:12,207: INFO: common: created directory at: artifacts]
[2024-02-25 13:31:12,208: INFO: common: created directory at: artifacts]
[2024-02-25 13:31:12,208: INFO: stage_02_prepare_model: Loading model...]
[2024-02-25 13:31:15,459: INFO: stage_02_prepare_model: Attempting to save model...]
[2024-02-25 13:31:15,460: INFO: stage_02_prepare_model: Model preparation and saving completed successfully.]
[2024-02-25 13:31:15,460: INFO: stage_02_prepare_model: getting the yaml files]
[2024-02-25 13:31:15,503: INFO: stage_02_prepare_model: saving data yaml files completed]
[2024-02-25 13:31:15,506: INFO: main: 
******************** Stage: Model Preparation Stage Completed ********************

xxxxxxxxxxxxxxxxxxxxxxxxxxxxxxxxxxxxxxxxxxxxxxxxxx
]
[2024-02-25 13:31:15,506: INFO: main: Pipeline execution completed successfully.]
[2024-02-25 20:33:00,438: INFO: common: yaml file: config\config.yaml loaded successfully]
[2024-02-25 20:33:00,446: INFO: common: yaml file: params.yaml loaded successfully]
[2024-02-25 20:33:00,447: INFO: common: created directory at: artifacts]
[2024-02-25 20:39:03,932: INFO: common: yaml file: config\config.yaml loaded successfully]
[2024-02-25 20:39:03,933: INFO: common: yaml file: params.yaml loaded successfully]
[2024-02-25 20:39:03,934: INFO: common: created directory at: artifacts]
[2024-02-25 20:39:44,434: INFO: common: yaml file: config\config.yaml loaded successfully]
[2024-02-25 20:39:44,436: INFO: common: yaml file: params.yaml loaded successfully]
[2024-02-25 20:43:59,530: INFO: common: yaml file: config\config.yaml loaded successfully]
[2024-02-25 20:43:59,531: INFO: common: yaml file: params.yaml loaded successfully]
[2024-02-25 20:44:13,691: INFO: common: yaml file: config\config.yaml loaded successfully]
[2024-02-25 20:44:13,694: INFO: common: yaml file: params.yaml loaded successfully]
[2024-02-25 20:44:54,125: INFO: common: yaml file: config\config.yaml loaded successfully]
[2024-02-25 20:44:54,126: INFO: common: yaml file: params.yaml loaded successfully]
[2024-02-25 20:46:41,968: INFO: common: yaml file: config\config.yaml loaded successfully]
[2024-02-25 20:46:41,969: INFO: common: yaml file: params.yaml loaded successfully]
[2024-02-25 20:46:52,810: INFO: common: yaml file: config\config.yaml loaded successfully]
[2024-02-25 20:46:52,812: INFO: common: yaml file: params.yaml loaded successfully]
[2024-02-25 21:00:12,170: INFO: common: yaml file: config\config.yaml loaded successfully]
[2024-02-25 21:00:12,172: INFO: common: yaml file: params.yaml loaded successfully]
[2024-02-25 21:28:42,637: INFO: main: Starting pipeline execution...]
[2024-02-25 21:28:42,637: INFO: main: Deleting __pycache__ and .pyc files...]
[2024-02-25 21:28:42,663: INFO: main: Cleanup complete: __pycache__ directories and .pyc files removed.]
[2024-02-25 21:28:42,663: INFO: main: 
==================== Stage: Data Ingestion Stage Started ====================
]
[2024-02-25 21:28:42,666: INFO: common: yaml file: config\config.yaml loaded successfully]
[2024-02-25 21:28:42,666: INFO: common: yaml file: params.yaml loaded successfully]
[2024-02-25 21:28:42,667: INFO: common: created directory at: artifacts]
[2024-02-25 21:28:42,667: INFO: common: created directory at: artifacts/data_ingestion]
[2024-02-25 21:28:42,692: INFO: credentials: Found credentials in shared credentials file: ~/.aws/credentials]
[2024-02-25 21:28:43,140: INFO: data_ingestion: Downloading data from S3 bucket capstone-missile with key missile_data.zip into file artifacts/data_ingestion/missile_data.zip]
[2024-02-25 21:28:44,485: INFO: data_ingestion: Downloaded data from S3 bucket capstone-missile into file artifacts/data_ingestion/missile_data.zip]
[2024-02-25 21:28:44,564: INFO: data_ingestion: Extracted data to artifacts/data_ingestion]
[2024-02-25 21:28:44,564: INFO: main: 
******************** Stage: Data Ingestion Stage Completed ********************

xxxxxxxxxxxxxxxxxxxxxxxxxxxxxxxxxxxxxxxxxxxxxxxxxx
]
[2024-02-25 21:28:44,565: INFO: main: 
==================== Stage: Model Preparation Stage Started ====================
]
[2024-02-25 21:28:44,567: INFO: common: yaml file: config\config.yaml loaded successfully]
[2024-02-25 21:28:44,568: INFO: common: yaml file: params.yaml loaded successfully]
[2024-02-25 21:28:44,568: INFO: common: created directory at: artifacts]
[2024-02-25 21:28:44,569: INFO: common: created directory at: artifacts]
[2024-02-25 21:28:44,569: INFO: stage_02_prepare_model: Loading model...]
[2024-02-25 21:28:44,615: INFO: stage_02_prepare_model: Attempting to save model...]
[2024-02-25 21:28:44,615: INFO: stage_02_prepare_model: Model preparation and saving completed successfully.]
[2024-02-25 21:28:44,616: INFO: stage_02_prepare_model: getting the yaml files]
[2024-02-25 21:28:44,657: INFO: stage_02_prepare_model: saving data yaml files completed]
[2024-02-25 21:28:44,660: INFO: main: 
******************** Stage: Model Preparation Stage Completed ********************

xxxxxxxxxxxxxxxxxxxxxxxxxxxxxxxxxxxxxxxxxxxxxxxxxx
]
[2024-02-25 21:28:44,660: INFO: main: 
==================== Stage: Model Training Stage Started ====================
]
[2024-02-25 21:28:44,662: INFO: common: yaml file: config\config.yaml loaded successfully]
[2024-02-25 21:28:44,663: INFO: common: yaml file: params.yaml loaded successfully]
[2024-02-25 21:28:44,663: INFO: common: created directory at: artifacts]
[2024-02-25 21:28:44,664: INFO: stage_03_model_training: Training model...]
[2024-02-25 21:28:44,691: INFO: model_training: Model loaded successfully.]
[2024-02-25 21:28:44,691: INFO: model_training: Training with missile_data.yaml for 3 epochs...]
[2024-02-25 21:29:33,283: INFO: model_training: Model training completed.]
[2024-02-25 21:29:33,284: INFO: model_training: Output directory verified: C:\Users\vishw\Documents\cap_project_tulasi\YOLO-missile-detection-capstone-project\missile_trained_weights]
[2024-02-25 21:29:33,284: INFO: model_training: Looking in directory: C:\Users\vishw\Documents\cap_project_tulasi\YOLO-missile-detection-capstone-project\runs\detect]
[2024-02-25 21:29:33,284: INFO: model_training: Found detect training runs: [WindowsPath('C:/Users/vishw/Documents/cap_project_tulasi/YOLO-missile-detection-capstone-project/runs/detect/train'), WindowsPath('C:/Users/vishw/Documents/cap_project_tulasi/YOLO-missile-detection-capstone-project/runs/detect/train2'), WindowsPath('C:/Users/vishw/Documents/cap_project_tulasi/YOLO-missile-detection-capstone-project/runs/detect/train3')]]
[2024-02-25 21:29:33,284: INFO: model_training: Most recent training run: C:\Users\vishw\Documents\cap_project_tulasi\YOLO-missile-detection-capstone-project\runs\detect\train3\weights]
[2024-02-25 21:29:33,285: WARNING: model_training: 'best.pt' already exists in the output directory and will be overwritten.]
[2024-02-25 21:29:33,287: INFO: model_training: Best model weights saved to C:\Users\vishw\Documents\cap_project_tulasi\YOLO-missile-detection-capstone-project\missile_trained_weights\best.pt]
[2024-02-25 21:29:33,289: INFO: stage_03_model_training: Model training completed successfully.]
[2024-02-25 21:29:33,290: INFO: main: 
******************** Stage: Model Training Stage Completed ********************

xxxxxxxxxxxxxxxxxxxxxxxxxxxxxxxxxxxxxxxxxxxxxxxxxx
]
[2024-02-25 21:29:33,290: INFO: main: Pipeline execution completed successfully.]
[2024-02-25 22:04:21,732: INFO: common: yaml file: config\config.yaml loaded successfully]
[2024-02-25 22:04:21,734: INFO: common: yaml file: params.yaml loaded successfully]
[2024-02-25 22:18:31,409: INFO: main: Starting pipeline execution...]
[2024-02-25 22:18:31,409: INFO: main: Deleting __pycache__ and .pyc files...]
[2024-02-25 22:18:31,441: INFO: main: Cleanup complete: __pycache__ directories and .pyc files removed.]
[2024-02-25 22:18:31,442: INFO: main: 
==================== Stage: Data Ingestion Stage Started ====================
]
[2024-02-25 22:18:31,444: INFO: common: yaml file: config\config.yaml loaded successfully]
[2024-02-25 22:18:31,444: INFO: common: yaml file: params.yaml loaded successfully]
[2024-02-25 22:18:31,445: INFO: common: created directory at: artifacts]
[2024-02-25 22:18:31,445: INFO: common: created directory at: artifacts/data_ingestion]
[2024-02-25 22:18:31,458: INFO: credentials: Found credentials in shared credentials file: ~/.aws/credentials]
[2024-02-25 22:18:31,627: INFO: data_ingestion: Downloading data from S3 bucket capstone-missile with key missile_data.zip into file artifacts/data_ingestion/missile_data.zip]
[2024-02-25 22:18:33,097: INFO: data_ingestion: Downloaded data from S3 bucket capstone-missile into file artifacts/data_ingestion/missile_data.zip]
[2024-02-25 22:18:33,166: INFO: data_ingestion: Extracted data to artifacts/data_ingestion]
[2024-02-25 22:18:33,166: INFO: main: 
******************** Stage: Data Ingestion Stage Completed ********************

xxxxxxxxxxxxxxxxxxxxxxxxxxxxxxxxxxxxxxxxxxxxxxxxxx
]
[2024-02-25 22:18:33,166: INFO: main: 
==================== Stage: Model Preparation Stage Started ====================
]
[2024-02-25 22:18:33,168: INFO: common: yaml file: config\config.yaml loaded successfully]
[2024-02-25 22:18:33,170: INFO: common: yaml file: params.yaml loaded successfully]
[2024-02-25 22:18:33,170: INFO: common: created directory at: artifacts]
[2024-02-25 22:18:33,170: INFO: common: created directory at: artifacts]
[2024-02-25 22:18:33,170: INFO: stage_02_prepare_model: Loading model...]
[2024-02-25 22:18:33,208: INFO: stage_02_prepare_model: Attempting to save model...]
[2024-02-25 22:18:33,209: INFO: stage_02_prepare_model: Model preparation and saving completed successfully.]
[2024-02-25 22:18:33,210: INFO: stage_02_prepare_model: getting the yaml files]
[2024-02-25 22:18:33,242: INFO: stage_02_prepare_model: saving data yaml files completed]
[2024-02-25 22:18:33,244: INFO: main: 
******************** Stage: Model Preparation Stage Completed ********************

xxxxxxxxxxxxxxxxxxxxxxxxxxxxxxxxxxxxxxxxxxxxxxxxxx
]
[2024-02-25 22:18:33,244: INFO: main: 
==================== Stage: Model Training Stage Started ====================
]
[2024-02-25 22:18:33,246: INFO: common: yaml file: config\config.yaml loaded successfully]
[2024-02-25 22:18:33,247: INFO: common: yaml file: params.yaml loaded successfully]
[2024-02-25 22:18:33,247: INFO: common: created directory at: artifacts]
[2024-02-25 22:18:33,248: INFO: stage_03_model_training: Training model...]
[2024-02-25 22:18:33,280: INFO: model_training: Model loaded successfully.]
[2024-02-25 22:18:33,281: INFO: model_training: Training with missile_data.yaml for 3 epochs...]
[2024-02-25 22:19:21,836: INFO: model_training: Model training completed.]
[2024-02-25 22:19:21,837: INFO: model_training: Output directory verified: C:\Users\vishw\Documents\cap_project_tulasi\YOLO-missile-detection-capstone-project\missile_trained_weights]
[2024-02-25 22:19:21,837: INFO: model_training: Looking in directory: C:\Users\vishw\Documents\cap_project_tulasi\YOLO-missile-detection-capstone-project\runs\detect]
[2024-02-25 22:19:21,837: INFO: model_training: Found detect training runs: [WindowsPath('C:/Users/vishw/Documents/cap_project_tulasi/YOLO-missile-detection-capstone-project/runs/detect/train'), WindowsPath('C:/Users/vishw/Documents/cap_project_tulasi/YOLO-missile-detection-capstone-project/runs/detect/train2'), WindowsPath('C:/Users/vishw/Documents/cap_project_tulasi/YOLO-missile-detection-capstone-project/runs/detect/train3'), WindowsPath('C:/Users/vishw/Documents/cap_project_tulasi/YOLO-missile-detection-capstone-project/runs/detect/train4')]]
[2024-02-25 22:19:21,838: INFO: model_training: Most recent training run: C:\Users\vishw\Documents\cap_project_tulasi\YOLO-missile-detection-capstone-project\runs\detect\train4\weights]
[2024-02-25 22:19:21,838: WARNING: model_training: 'best.pt' already exists in the output directory and will be overwritten.]
[2024-02-25 22:19:21,841: INFO: model_training: Best model weights saved to C:\Users\vishw\Documents\cap_project_tulasi\YOLO-missile-detection-capstone-project\missile_trained_weights\best.pt]
[2024-02-25 22:19:21,843: INFO: stage_03_model_training: Model training completed successfully.]
[2024-02-25 22:19:21,843: INFO: main: 
******************** Stage: Model Training Stage Completed ********************

xxxxxxxxxxxxxxxxxxxxxxxxxxxxxxxxxxxxxxxxxxxxxxxxxx
]
[2024-02-25 22:19:21,843: INFO: main: 
==================== Stage: Model Validating Stage Started ====================
]
[2024-02-25 22:19:21,845: INFO: common: yaml file: config\config.yaml loaded successfully]
[2024-02-25 22:19:21,845: INFO: common: yaml file: params.yaml loaded successfully]
[2024-02-25 22:19:21,846: INFO: common: created directory at: artifacts]
[2024-02-25 22:19:21,846: INFO: stage_04_model_validation: Validating the model...]
[2024-02-25 22:19:21,846: ERROR: main: An unexpected error occurred during pipeline execution:]
Traceback (most recent call last):
  File "C:\Users\vishw\Documents\cap_project_tulasi\YOLO-missile-detection-capstone-project\main.py", line 72, in <module>
    run_model_validation_stage()
  File "C:\Users\vishw\Documents\cap_project_tulasi\YOLO-missile-detection-capstone-project\main.py", line 53, in run_model_validation_stage
    model_validating.main()
  File "c:\users\vishw\documents\cap_project_tulasi\yolo-missile-detection-capstone-project\src\YOLOv8_objectdetection\pipeline\stage_04_model_validation.py", line 17, in main
    validator.train_and_save_model()
    ^^^^^^^^^^^^^^^^^^^^^^^^^^^^^^
AttributeError: 'ModelTrainedValidation' object has no attribute 'train_and_save_model'
[2024-02-25 22:22:29,147: INFO: main: Starting pipeline execution...]
[2024-02-25 22:22:29,147: INFO: main: Deleting __pycache__ and .pyc files...]
[2024-02-25 22:22:29,170: INFO: main: Cleanup complete: __pycache__ directories and .pyc files removed.]
[2024-02-25 22:22:29,170: INFO: main: 
==================== Stage: Data Ingestion Stage Started ====================
]
[2024-02-25 22:22:29,172: INFO: common: yaml file: config\config.yaml loaded successfully]
[2024-02-25 22:22:29,173: INFO: common: yaml file: params.yaml loaded successfully]
[2024-02-25 22:22:29,173: INFO: common: created directory at: artifacts]
[2024-02-25 22:22:29,173: INFO: common: created directory at: artifacts/data_ingestion]
[2024-02-25 22:22:29,185: INFO: credentials: Found credentials in shared credentials file: ~/.aws/credentials]
[2024-02-25 22:22:29,345: INFO: data_ingestion: Downloading data from S3 bucket capstone-missile with key missile_data.zip into file artifacts/data_ingestion/missile_data.zip]
[2024-02-25 22:22:30,249: INFO: data_ingestion: Downloaded data from S3 bucket capstone-missile into file artifacts/data_ingestion/missile_data.zip]
[2024-02-25 22:22:30,313: INFO: data_ingestion: Extracted data to artifacts/data_ingestion]
[2024-02-25 22:22:30,313: INFO: main: 
******************** Stage: Data Ingestion Stage Completed ********************

xxxxxxxxxxxxxxxxxxxxxxxxxxxxxxxxxxxxxxxxxxxxxxxxxx
]
[2024-02-25 22:22:30,313: INFO: main: 
==================== Stage: Model Preparation Stage Started ====================
]
[2024-02-25 22:22:30,316: INFO: common: yaml file: config\config.yaml loaded successfully]
[2024-02-25 22:22:30,316: INFO: common: yaml file: params.yaml loaded successfully]
[2024-02-25 22:22:30,317: INFO: common: created directory at: artifacts]
[2024-02-25 22:22:30,318: INFO: common: created directory at: artifacts]
[2024-02-25 22:22:30,318: INFO: stage_02_prepare_model: Loading model...]
[2024-02-25 22:22:30,357: INFO: stage_02_prepare_model: Attempting to save model...]
[2024-02-25 22:22:30,358: INFO: stage_02_prepare_model: Model preparation and saving completed successfully.]
[2024-02-25 22:22:30,358: INFO: stage_02_prepare_model: getting the yaml files]
[2024-02-25 22:22:30,389: INFO: stage_02_prepare_model: saving data yaml files completed]
[2024-02-25 22:22:30,390: INFO: main: 
******************** Stage: Model Preparation Stage Completed ********************

xxxxxxxxxxxxxxxxxxxxxxxxxxxxxxxxxxxxxxxxxxxxxxxxxx
]
[2024-02-25 22:22:30,390: INFO: main: 
==================== Stage: Model Training Stage Started ====================
]
[2024-02-25 22:22:30,392: INFO: common: yaml file: config\config.yaml loaded successfully]
[2024-02-25 22:22:30,393: INFO: common: yaml file: params.yaml loaded successfully]
[2024-02-25 22:22:30,393: INFO: common: created directory at: artifacts]
[2024-02-25 22:22:30,394: INFO: stage_03_model_training: Training model...]
[2024-02-25 22:22:30,428: INFO: model_training: Model loaded successfully.]
[2024-02-25 22:22:30,430: INFO: model_training: Training with missile_data.yaml for 3 epochs...]
[2024-02-25 22:23:19,011: INFO: model_training: Model training completed.]
[2024-02-25 22:23:19,011: INFO: model_training: Output directory verified: C:\Users\vishw\Documents\cap_project_tulasi\YOLO-missile-detection-capstone-project\missile_trained_weights]
[2024-02-25 22:23:19,012: INFO: model_training: Looking in directory: C:\Users\vishw\Documents\cap_project_tulasi\YOLO-missile-detection-capstone-project\runs\detect]
[2024-02-25 22:23:19,013: INFO: model_training: Found detect training runs: [WindowsPath('C:/Users/vishw/Documents/cap_project_tulasi/YOLO-missile-detection-capstone-project/runs/detect/train'), WindowsPath('C:/Users/vishw/Documents/cap_project_tulasi/YOLO-missile-detection-capstone-project/runs/detect/train2'), WindowsPath('C:/Users/vishw/Documents/cap_project_tulasi/YOLO-missile-detection-capstone-project/runs/detect/train3'), WindowsPath('C:/Users/vishw/Documents/cap_project_tulasi/YOLO-missile-detection-capstone-project/runs/detect/train4'), WindowsPath('C:/Users/vishw/Documents/cap_project_tulasi/YOLO-missile-detection-capstone-project/runs/detect/train5')]]
[2024-02-25 22:23:19,013: INFO: model_training: Most recent training run: C:\Users\vishw\Documents\cap_project_tulasi\YOLO-missile-detection-capstone-project\runs\detect\train5\weights]
[2024-02-25 22:23:19,014: WARNING: model_training: 'best.pt' already exists in the output directory and will be overwritten.]
[2024-02-25 22:23:19,016: INFO: model_training: Best model weights saved to C:\Users\vishw\Documents\cap_project_tulasi\YOLO-missile-detection-capstone-project\missile_trained_weights\best.pt]
[2024-02-25 22:23:19,018: INFO: stage_03_model_training: Model training completed successfully.]
[2024-02-25 22:23:19,018: INFO: main: 
******************** Stage: Model Training Stage Completed ********************

xxxxxxxxxxxxxxxxxxxxxxxxxxxxxxxxxxxxxxxxxxxxxxxxxx
]
[2024-02-25 22:23:19,018: INFO: main: 
==================== Stage: Model Validating Stage Started ====================
]
[2024-02-25 22:23:19,020: INFO: common: yaml file: config\config.yaml loaded successfully]
[2024-02-25 22:23:19,021: INFO: common: yaml file: params.yaml loaded successfully]
[2024-02-25 22:23:19,021: INFO: common: created directory at: artifacts]
[2024-02-25 22:23:19,021: INFO: stage_04_model_validation: Validating the model...]
[2024-02-25 22:23:19,021: INFO: model_validation: Loading the trained model from missile_trained_weights/best.pt...]
[2024-02-25 22:23:19,065: INFO: model_validation: Validating the model...]
[2024-02-25 22:23:23,404: INFO: model_validation: Validation completed.]
[2024-02-25 22:23:23,404: INFO: model_validation: Metrics Information:]
[2024-02-25 22:23:23,404: INFO: model_validation: mAP@50: 0.3490850672219166]
[2024-02-25 22:23:23,404: INFO: model_validation: mAP@75: 0.006292865156242462]
[2024-02-25 22:23:23,404: INFO: model_validation: mAPs: [    0.10473]]
[2024-02-25 22:23:23,404: INFO: stage_04_model_validation: Model training completed successfully.]
[2024-02-25 22:23:23,404: INFO: main: 
******************** Stage: Model Validating Stage Completed ********************

xxxxxxxxxxxxxxxxxxxxxxxxxxxxxxxxxxxxxxxxxxxxxxxxxx
]
[2024-02-25 22:23:23,405: INFO: main: Pipeline execution completed successfully.]
